

times in msec
 clock   self+sourced   self:  sourced script
 clock   elapsed:              other lines

004.038  004.038: --- NVIM STARTING ---
018.658  014.620: locale set
035.719  017.061: inits 1
035.743  000.025: window checked
039.003  003.260: parsing arguments
041.275  002.272: expanding arguments
041.355  000.080: inits 2
042.101  000.746: init highlight
042.165  000.064: waiting for UI to make request
055.540  013.375: done waiting for UI
055.698  000.159: initialized screen early for UI
142.154  022.253  022.253: sourcing /home/dev/.local/share/nvim/runtime/filetype.vim
165.843  006.590  006.590: sourcing /home/dev/.local/share/nvim/runtime/ftplugin.vim
187.585  003.861  003.861: sourcing /home/dev/.local/share/nvim/runtime/filetype.vim
220.000  006.185  006.185: sourcing /home/dev/.local/share/nvim/runtime/indent.vim
249.236  003.530  003.530: sourcing /home/dev/.local/share/nvim/runtime/filetype.vim
273.429  004.249  004.249: sourcing /home/dev/.local/share/nvim/runtime/ftplugin.vim
306.204  005.339  005.339: sourcing /home/dev/.local/share/nvim/runtime/indent.vim
311.356  215.310  163.302: sourcing /home/dev/.config/nvim/rc.common.vim
329.546  000.287  000.287: sourcing /home/dev/.cache/dein/dein/repos/github.com/Shougo/dein.vim/autoload/dein.vim
361.957  006.738  006.738: sourcing /home/dev/.local/share/nvim/runtime/ftoff.vim
386.488  000.392  000.392: sourcing /home/dev/.cache/dein/dein/.cache/init.vim/.dein/autoload/lightline/colorscheme.vim
388.741  016.043  015.651: sourcing /home/dev/.config/nvim/rc.d/rc_lightline.vim
389.733  058.748  035.967: sourcing /home/dev/.cache/dein/dein/state_nvim.vim
393.426  000.448  000.448: sourcing /home/dev/.cache/dein/dein/repos/github.com/Shougo/dein.vim/autoload/dein/autoload.vim
395.859  000.791  000.791: sourcing /home/dev/.cache/dein/dein/repos/github.com/Shougo/dein.vim/autoload/dein/util.vim
397.024  073.260  012.986: sourcing /home/dev/.config/nvim/rc.d/rc_dein.vim
400.167  082.192  008.932: sourcing /home/dev/.config/nvim/rc.nvim
489.116  006.976  006.976: sourcing /home/dev/.local/share/nvim/runtime/syntax/syncolor.vim
494.214  037.957  030.981: sourcing /home/dev/.local/share/nvim/runtime/syntax/synload.vim
527.529  000.152  000.152: sourcing /home/dev/.cache/dein/dein/.cache/init.vim/.dein/ftdetect/ftdetect.vim
532.377  022.559  022.407: sourcing /home/dev/.local/share/nvim/runtime/filetype.vim
535.284  124.611  064.095: sourcing /home/dev/.local/share/nvim/runtime/syntax/syntax.vim
537.247  451.195  029.083: sourcing /home/dev/.config/nvim/init.vim
537.980  031.087: sourcing vimrc file(s)
556.657  000.378  000.378: sourcing /home/dev/.cache/dein/dein/.cache/init.vim/.dein/plugin/dirvish.vim
558.055  000.242  000.242: sourcing /home/dev/.cache/dein/dein/.cache/init.vim/.dein/plugin/lightline.vim
820.115  006.937  006.937: sourcing /home/dev/.local/share/nvim/runtime/plugin/gzip.vim
857.280  006.973  006.973: sourcing /home/dev/.local/share/nvim/runtime/plugin/health.vim
887.751  015.872  015.872: sourcing /home/dev/.local/share/nvim/runtime/plugin/man.vim
926.864  008.466  008.466: sourcing /home/dev/.local/share/nvim/runtime/plugin/matchit.vim
955.826  007.903  007.903: sourcing /home/dev/.local/share/nvim/runtime/plugin/matchparen.vim
975.472  007.500  007.500: sourcing /home/dev/.local/share/nvim/runtime/plugin/netrwPlugin.vim
1075.701  007.396  007.396: sourcing /home/dev/.local/share/nvim/runtime/autoload/remote/host.vim
1108.044  006.813  006.813: sourcing /home/dev/.local/share/nvim/runtime/autoload/remote/define.vim
1110.604  079.449  065.240: sourcing /home/dev/.local/share/nvim/rplugin.vim
1111.602  115.885  036.435: sourcing /home/dev/.local/share/nvim/runtime/plugin/rplugin.vim
1131.516  006.057  006.057: sourcing /home/dev/.local/share/nvim/runtime/plugin/shada.vim
1151.032  005.996  005.996: sourcing /home/dev/.local/share/nvim/runtime/plugin/spellfile.vim
1169.372  006.466  006.466: sourcing /home/dev/.local/share/nvim/runtime/plugin/tarPlugin.vim
1202.109  013.201  013.201: sourcing /home/dev/.local/share/nvim/runtime/plugin/tohtml.vim
1230.653  006.425  006.425: sourcing /home/dev/.local/share/nvim/runtime/plugin/tutor.vim
1250.364  007.097  007.097: sourcing /home/dev/.local/share/nvim/runtime/plugin/zipPlugin.vim
1250.733  497.354: loading plugins
1273.975  023.242: loading packages
1277.424  000.935  000.935: sourcing /home/dev/.cache/dein/dein/.cache/init.vim/.dein/after/plugin/indentLine.vim
1279.019  004.108: loading after plugins
1279.051  000.032: inits 3
1289.825  010.774: reading ShaDa
1295.878  000.798  000.798: sourcing /home/dev/.cache/dein/dein/.cache/init.vim/.dein/autoload/lightline.vim
1313.036  000.115  000.115: sourcing /home/dev/.cache/dein/dein/.cache/init.vim/.dein/autoload/lightline/tab.vim
1317.459  026.721: opening buffers
1317.512  000.052: BufEnter autocommands
1317.523  000.011: editing files in windows
1317.843  000.321: VimEnter autocommands
1367.819  008.607  008.607: sourcing /home/dev/.local/share/nvim/runtime/autoload/provider/clipboard.vim
1368.532  042.081: before starting main loop
1370.670  002.139: first screen update
1370.680  000.010: --- NVIM STARTED ---


times in msec
 clock   self+sourced   self:  sourced script
 clock   elapsed:              other lines

000.511  000.511: --- NVIM STARTING ---
019.648  019.137: locale set
030.232  010.584: inits 1
030.256  000.024: window checked
031.887  001.631: parsing arguments
033.993  002.106: expanding arguments
034.070  000.077: inits 2
034.815  000.745: init highlight
034.877  000.062: waiting for UI to make request
047.542  012.665: done waiting for UI
047.681  000.139: initialized screen early for UI
112.280  019.618  019.618: sourcing /home/dev/.local/share/nvim/runtime/filetype.vim
136.787  006.382  006.382: sourcing /home/dev/.local/share/nvim/runtime/ftplugin.vim
162.100  004.024  004.024: sourcing /home/dev/.local/share/nvim/runtime/filetype.vim
189.584  007.265  007.265: sourcing /home/dev/.local/share/nvim/runtime/indent.vim
234.888  023.266  023.266: sourcing /home/dev/.local/share/nvim/runtime/filetype.vim
263.827  004.425  004.425: sourcing /home/dev/.local/share/nvim/runtime/ftplugin.vim
286.267  004.421  004.421: sourcing /home/dev/.local/share/nvim/runtime/indent.vim
291.821  217.569  148.168: sourcing /home/dev/.config/nvim/rc.common.vim
307.386  000.294  000.294: sourcing /home/dev/.cache/dein/dein/repos/github.com/Shougo/dein.vim/autoload/dein.vim
310.300  000.427  000.427: sourcing /home/dev/.cache/dein/dein/repos/github.com/Shougo/dein.vim/autoload/dein/autoload.vim
312.485  000.845  000.845: sourcing /home/dev/.cache/dein/dein/repos/github.com/Shougo/dein.vim/autoload/dein/util.vim
335.395  006.577  006.577: sourcing /home/dev/.local/share/nvim/runtime/ftoff.vim
344.952  001.256  001.256: sourcing /home/dev/.cache/dein/dein/repos/github.com/Shougo/dein.vim/autoload/dein/types/git.vim
345.387  003.136  001.879: sourcing /home/dev/.cache/dein/dein/repos/github.com/Shougo/dein.vim/autoload/dein/parse.vim
347.628  000.428  000.428: sourcing /home/dev/.cache/dein/dein/repos/github.com/Shougo/dein.vim/autoload/dein/toml.vim
391.746  000.435  000.435: sourcing /home/dev/.cache/dein/dein/.cache/init.vim/.dein/autoload/lightline/colorscheme.vim
394.282  020.875  020.441: sourcing /home/dev/.config/nvim/rc.d/rc_lightline.vim
432.265  128.822  096.239: sourcing /home/dev/.config/nvim/rc.d/rc_dein.vim
435.407  137.793  008.971: sourcing /home/dev/.config/nvim/rc.nvim
525.398  005.520  005.520: sourcing /home/dev/.local/share/nvim/runtime/syntax/syncolor.vim
528.672  038.268  032.748: sourcing /home/dev/.local/share/nvim/runtime/syntax/synload.vim
555.120  000.111  000.111: sourcing /home/dev/.cache/dein/dein/.cache/init.vim/.dein/ftdetect/ftdetect.vim
559.861  019.262  019.151: sourcing /home/dev/.local/share/nvim/runtime/filetype.vim
561.677  103.330  045.801: sourcing /home/dev/.local/share/nvim/runtime/syntax/syntax.vim
563.113  500.443  041.751: sourcing /home/dev/.config/nvim/init.vim
563.476  015.352: sourcing vimrc file(s)
563.503  000.027: inits 3
572.551  009.047: reading ShaDa
572.975  000.424: opening buffers
572.990  000.016: BufEnter autocommands
573.000  000.010: editing files in windows
573.021  000.021: VimEnter autocommands
602.615  013.497  013.497: sourcing /home/dev/.local/share/nvim/runtime/autoload/provider/clipboard.vim
603.000  016.482: before starting main loop
604.742  001.742: first screen update
604.751  000.010: --- NVIM STARTED ---


times in msec
 clock   self+sourced   self:  sourced script
 clock   elapsed:              other lines

000.799  000.799: --- NVIM STARTING ---
016.718  015.919: locale set
029.817  013.098: inits 1
029.841  000.024: window checked
032.000  002.159: parsing arguments
034.489  002.490: expanding arguments
034.562  000.073: inits 2
035.311  000.749: init highlight
035.373  000.062: waiting for UI to make request
047.974  012.601: done waiting for UI
048.171  000.197: initialized screen early for UI
050.906  002.735: sourcing vimrc file(s)
111.767  025.702  025.702: sourcing /home/dev/.local/share/nvim/runtime/filetype.vim
144.058  008.075  008.075: sourcing /home/dev/.local/share/nvim/runtime/ftplugin.vim
176.335  006.577  006.577: sourcing /home/dev/.local/share/nvim/runtime/indent.vim
296.204  007.596  007.596: sourcing /home/dev/.local/share/nvim/runtime/syntax/syncolor.vim
300.620  041.337  033.741: sourcing /home/dev/.local/share/nvim/runtime/syntax/synload.vim
303.024  106.137  064.800: sourcing /home/dev/.local/share/nvim/runtime/syntax/syntax.vim
303.717  106.320: inits 3
312.704  008.986: reading ShaDa
313.460  000.756: opening buffers
313.475  000.015: BufEnter autocommands
313.485  000.010: editing files in windows
313.498  000.012: VimEnter autocommands
313.507  000.009: before starting main loop
314.988  001.481: first screen update
314.998  000.010: --- NVIM STARTED ---


times in msec
 clock   self+sourced   self:  sourced script
 clock   elapsed:              other lines

000.949  000.949: --- NVIM STARTING ---
016.214  015.266: locale set
031.387  015.173: inits 1
031.417  000.030: window checked
035.518  004.101: parsing arguments
038.406  002.888: expanding arguments
038.526  000.119: inits 2
039.272  000.746: init highlight
039.341  000.069: waiting for UI to make request
052.300  012.959: done waiting for UI
052.641  000.341: initialized screen early for UI
145.245  022.735  022.735: sourcing /home/dev/.local/share/nvim/runtime/filetype.vim
175.979  008.025  008.025: sourcing /home/dev/.local/share/nvim/runtime/ftplugin.vim
211.218  004.576  004.576: sourcing /home/dev/.local/share/nvim/runtime/filetype.vim
241.899  006.907  006.907: sourcing /home/dev/.local/share/nvim/runtime/indent.vim
288.100  014.217  014.217: sourcing /home/dev/.local/share/nvim/runtime/filetype.vim
326.052  004.577  004.577: sourcing /home/dev/.local/share/nvim/runtime/ftplugin.vim
354.194  004.709  004.709: sourcing /home/dev/.local/share/nvim/runtime/indent.vim
359.898  263.960  198.214: sourcing /home/dev/.config/nvim/rc.common.vim
380.270  000.284  000.284: sourcing /home/dev/.cache/dein/dein/repos/github.com/Shougo/dein.vim/autoload/dein.vim
382.665  000.484  000.484: sourcing /home/dev/.cache/dein/dein/repos/github.com/Shougo/dein.vim/autoload/dein/autoload.vim
385.236  000.839  000.839: sourcing /home/dev/.cache/dein/dein/repos/github.com/Shougo/dein.vim/autoload/dein/util.vim
421.136  007.565  007.565: sourcing /home/dev/.local/share/nvim/runtime/ftoff.vim
432.066  001.216  001.216: sourcing /home/dev/.cache/dein/dein/repos/github.com/Shougo/dein.vim/autoload/dein/types/git.vim
432.504  003.237  002.021: sourcing /home/dev/.cache/dein/dein/repos/github.com/Shougo/dein.vim/autoload/dein/parse.vim
434.547  000.428  000.428: sourcing /home/dev/.cache/dein/dein/repos/github.com/Shougo/dein.vim/autoload/dein/toml.vim
463.484  000.382  000.382: sourcing /home/dev/.cache/dein/dein/.cache/init.vim/.dein/autoload/lightline/colorscheme.vim
465.763  010.205  009.823: sourcing /home/dev/.config/nvim/rc.d/rc_lightline.vim
504.714  130.604  107.562: sourcing /home/dev/.config/nvim/rc.d/rc_dein.vim
507.633  141.512  010.908: sourcing /home/dev/.config/nvim/rc.nvim
590.741  007.471  007.471: sourcing /home/dev/.local/share/nvim/runtime/syntax/syncolor.vim
596.351  043.165  035.694: sourcing /home/dev/.local/share/nvim/runtime/syntax/synload.vim
635.472  000.110  000.110: sourcing /home/dev/.cache/dein/dein/.cache/init.vim/.dein/ftdetect/ftdetect.vim
642.564  026.654  026.544: sourcing /home/dev/.local/share/nvim/runtime/filetype.vim
645.909  123.383  053.564: sourcing /home/dev/.local/share/nvim/runtime/syntax/syntax.vim
647.686  563.720  034.866: sourcing /home/dev/.config/nvim/init.vim
648.394  032.033: sourcing vimrc file(s)
648.422  000.027: inits 3
657.817  009.396: reading ShaDa
658.914  001.096: opening buffers
658.929  000.015: BufEnter autocommands
658.939  000.010: editing files in windows
658.962  000.023: VimEnter autocommands
658.972  000.010: before starting main loop
660.459  001.487: first screen update
660.469  000.010: --- NVIM STARTED ---
